#
# There is insufficient memory for the Java Runtime Environment to continue.
# Native memory allocation (malloc) failed to allocate 768080 bytes for Chunk::new
# Possible reasons:
#   The system is out of physical RAM or swap space
#   The process is running with CompressedOops enabled, and the Java Heap may be blocking the growth of the native heap
# Possible solutions:
#   Reduce memory load on the system
#   Increase physical memory or swap space
#   Check if swap backing store is full
#   Decrease Java heap size (-Xmx/-Xms)
#   Decrease number of Java threads
#   Decrease Java thread stack sizes (-Xss)
#   Set larger code cache with -XX:ReservedCodeCacheSize=
#   JVM is running with Unscaled Compressed Oops mode in which the Java heap is
#     placed in the first 4GB address space. The Java Heap base address is the
#     maximum limit for the native heap growth. Please use -XX:HeapBaseMinAddress
#     to set the Java Heap base and to place the Java Heap above 4GB virtual address.
# This output file may be truncated or incomplete.
#
#  Out of Memory Error (arena.cpp:184), pid=11412, tid=10276
#
# JRE version: Java(TM) SE Runtime Environment (20.0.1+9) (build 20.0.1+9-29)
# Java VM: Java HotSpot(TM) 64-Bit Server VM (20.0.1+9-29, mixed mode, sharing, tiered, compressed oops, compressed class ptrs, g1 gc, windows-amd64)
# No core dump will be written. Minidumps are not enabled by default on client versions of Windows
#

---------------  S U M M A R Y ------------

Command Line: -Dclassworlds.conf=C:\Program Files\NetBeans-17\netbeans\java\maven\bin\m2.conf -Dmaven.home=C:\Program Files\NetBeans-17\netbeans\java\maven -Dlibrary.jansi.path=C:\Program Files\NetBeans-17\netbeans\java\maven\lib\jansi-native -Dmaven.multiModuleProjectDirectory=C:\Users\ezzem\Documents\NetBeansProjects\DptoArqueologia org.codehaus.plexus.classworlds.launcher.Launcher -Dexec.vmArgs= -Dexec.args=${exec.vmArgs} -classpath %classpath ${exec.mainClass} ${exec.appArgs} -Dexec.appArgs= -Dexec.mainClass=com.mycompany.dptoarqueologia.DptoArqueologia -Dexec.executable=C:\Program Files\Java\jdk-20\bin\java.exe -Dmaven.ext.class.path=C:\Program Files\NetBeans-17\netbeans\java\maven-nblib\netbeans-eventspy.jar --no-transfer-progress org.codehaus.mojo:exec-maven-plugin:3.1.0:exec

Host: Intel(R) Core(TM) i3 CPU         540  @ 3.07GHz, 4 cores, 7G,  Windows 10 , 64 bit Build 19041 (10.0.19041.2913)
Time: Mon May 22 11:49:52 2023 Hora estándar de Argentina elapsed time: 1.147483 seconds (0d 0h 0m 1s)

---------------  T H R E A D  ---------------

Current thread (0x000001e606671480):  JavaThread "C2 CompilerThread1" daemon [_thread_in_native, id=10276, stack(0x0000006525800000,0x0000006525900000)]


Current CompileTask:
C2:   1147  976   !   4       sun.nio.cs.StreamDecoder::read (78 bytes)

Stack: [0x0000006525800000,0x0000006525900000]
Native frames: (J=compiled Java code, j=interpreted, Vv=VM code, C=native code)
V  [jvm.dll+0x6bb95a]
V  [jvm.dll+0x8485fa]
V  [jvm.dll+0x84a1f5]
V  [jvm.dll+0x84a8f3]
V  [jvm.dll+0x280b0f]
V  [jvm.dll+0xc2b11]
V  [jvm.dll+0xc2e35]
V  [jvm.dll+0x3bb17c]
V  [jvm.dll+0x3857f5]
V  [jvm.dll+0x384c6a]
V  [jvm.dll+0x24b259]
V  [jvm.dll+0x24a651]
V  [jvm.dll+0x1ce491]
V  [jvm.dll+0x259e1b]
V  [jvm.dll+0x2584f0]
V  [jvm.dll+0x3f2895]
V  [jvm.dll+0x7f4b56]
V  [jvm.dll+0x6ba5cb]
C  [ucrtbase.dll+0x21bb2]
C  [KERNEL32.DLL+0x17614]
C  [ntdll.dll+0x526a1]


---------------  P R O C E S S  ---------------

Threads class SMR info:
_java_thread_list=0x000001e60668be80, length=12, elements={
0x000001e66395ea50, 0x000001e67fa045f0, 0x000001e67fa05ba0, 0x000001e67fa06b40,
0x000001e67fa0a4a0, 0x000001e67fa0ade0, 0x000001e67fa0b720, 0x000001e67fa0c390,
0x000001e67fa725e0, 0x000001e67fc6e290, 0x000001e67fc7d130, 0x000001e606671480
}

Java Threads: ( => current thread )
  0x000001e66395ea50 JavaThread "main" [_thread_in_vm, id=9684, stack(0x0000006524300000,0x0000006524400000)]
  0x000001e67fa045f0 JavaThread "Reference Handler" daemon [_thread_blocked, id=8116, stack(0x0000006524a00000,0x0000006524b00000)]
  0x000001e67fa05ba0 JavaThread "Finalizer" daemon [_thread_blocked, id=7388, stack(0x0000006524b00000,0x0000006524c00000)]
  0x000001e67fa06b40 JavaThread "Signal Dispatcher" daemon [_thread_blocked, id=9736, stack(0x0000006524c00000,0x0000006524d00000)]
  0x000001e67fa0a4a0 JavaThread "Attach Listener" daemon [_thread_blocked, id=3868, stack(0x0000006524d00000,0x0000006524e00000)]
  0x000001e67fa0ade0 JavaThread "Service Thread" daemon [_thread_blocked, id=7392, stack(0x0000006524e00000,0x0000006524f00000)]
  0x000001e67fa0b720 JavaThread "Monitor Deflation Thread" daemon [_thread_blocked, id=8992, stack(0x0000006524f00000,0x0000006525000000)]
  0x000001e67fa0c390 JavaThread "C2 CompilerThread0" daemon [_thread_in_native, id=3984, stack(0x0000006525000000,0x0000006525100000)]
  0x000001e67fa725e0 JavaThread "C1 CompilerThread0" daemon [_thread_blocked, id=7672, stack(0x0000006525100000,0x0000006525200000)]
  0x000001e67fc6e290 JavaThread "Notification Thread" daemon [_thread_blocked, id=10952, stack(0x0000006525200000,0x0000006525300000)]
  0x000001e67fc7d130 JavaThread "Common-Cleaner" daemon [_thread_blocked, id=7248, stack(0x0000006525400000,0x0000006525500000)]
=>0x000001e606671480 JavaThread "C2 CompilerThread1" daemon [_thread_in_native, id=10276, stack(0x0000006525800000,0x0000006525900000)]

Other Threads:
  0x000001e67f9e0b40 VMThread "VM Thread" [stack: 0x0000006524900000,0x0000006524a00000] [id=10288]
  0x000001e67fc72cb0 WatcherThread "VM Periodic Task Thread" [stack: 0x0000006525300000,0x0000006525400000] [id=7572]
  0x000001e66598c0f0 WorkerThread "GC Thread#0" [stack: 0x0000006524400000,0x0000006524500000] [id=11820]
  0x000001e6061ff6f0 WorkerThread "GC Thread#1" [stack: 0x0000006525500000,0x0000006525600000] [id=10384]
  0x000001e606574f60 WorkerThread "GC Thread#2" [stack: 0x0000006525600000,0x0000006525700000] [id=6080]
  0x000001e606571d60 WorkerThread "GC Thread#3" [stack: 0x0000006525700000,0x0000006525800000] [id=7684]
  0x000001e66599eaf0 ConcurrentGCThread "G1 Main Marker" [stack: 0x0000006524500000,0x0000006524600000] [id=6968]
  0x000001e6659a0440 WorkerThread "G1 Conc#0" [stack: 0x0000006524600000,0x0000006524700000] [id=9712]
  0x000001e67f8a20b0 ConcurrentGCThread "G1 Refine#0" [stack: 0x0000006524700000,0x0000006524800000] [id=948]
  0x000001e67f8a2a60 ConcurrentGCThread "G1 Service" [stack: 0x0000006524800000,0x0000006524900000] [id=8552]

Threads with active compile tasks:
C2 CompilerThread0     1205  977       4       sun.nio.cs.StreamDecoder::lockedRead (189 bytes)
C2 CompilerThread1     1205  976   !   4       sun.nio.cs.StreamDecoder::read (78 bytes)

VM state: not at safepoint (normal execution)

VM Mutex/Monitor currently owned by a thread:  ([mutex/lock_event])
[0x000001e6659218c0] Metaspace_lock - owner thread: 0x000001e66395ea50

Heap address: 0x0000000082200000, size: 2014 MB, Compressed Oops mode: 32-bit

CDS archive(s) mapped at: [0x0000000800000000-0x0000000800c60000-0x0000000800c60000), size 12976128, SharedBaseAddress: 0x0000000800000000, ArchiveRelocationMode: 0.
Compressed class space mapped at: 0x0000000801000000-0x0000000841000000, reserved size: 1073741824
Narrow klass base: 0x0000000800000000, Narrow klass shift: 0, Narrow klass range: 0x100000000

GC Precious Log:
 CardTable entry size: 512
 Card Set container configuration: InlinePtr #cards 5 size 8 Array Of Cards #cards 12 size 40 Howl #buckets 4 coarsen threshold 1843 Howl Bitmap #cards 512 size 80 coarsen threshold 460 Card regions per heap region 1 cards per card region 2048
 CPUs: 4 total, 4 available
 Memory: 8055M
 Large Page Support: Disabled
 NUMA Support: Disabled
 Compressed Oops: Enabled (32-bit)
 Heap Region Size: 1M
 Heap Min Capacity: 8M
 Heap Initial Capacity: 126M
 Heap Max Capacity: 2014M
 Pre-touch: Disabled
 Parallel Workers: 4
 Concurrent Workers: 1
 Concurrent Refinement Workers: 4
 Periodic GC: Disabled

Heap:
 garbage-first heap   total 129024K, used 11321K [0x0000000082200000, 0x0000000100000000)
  region size 1024K, 11 young (11264K), 2 survivors (2048K)
 Metaspace       used 4918K, committed 5056K, reserved 1114112K
  class space    used 558K, committed 640K, reserved 1048576K

Heap Regions: E=young(eden), S=young(survivor), O=old, HS=humongous(starts), HC=humongous(continues), CS=collection set, F=free, OA=open archive, CA=closed archive, TAMS=top-at-mark-start, PB=parsable bottom
|   0|0x0000000082200000, 0x0000000082300000, 0x0000000082300000|100%| O|  |TAMS 0x0000000082200000| PB 0x0000000082200000| Untracked 
|   1|0x0000000082300000, 0x000000008230e400, 0x0000000082400000|  5%| O|  |TAMS 0x0000000082300000| PB 0x0000000082300000| Untracked 
|   2|0x0000000082400000, 0x0000000082400000, 0x0000000082500000|  0%| F|  |TAMS 0x0000000082400000| PB 0x0000000082400000| Untracked 
|   3|0x0000000082500000, 0x0000000082500000, 0x0000000082600000|  0%| F|  |TAMS 0x0000000082500000| PB 0x0000000082500000| Untracked 
|   4|0x0000000082600000, 0x0000000082600000, 0x0000000082700000|  0%| F|  |TAMS 0x0000000082600000| PB 0x0000000082600000| Untracked 
|   5|0x0000000082700000, 0x0000000082700000, 0x0000000082800000|  0%| F|  |TAMS 0x0000000082700000| PB 0x0000000082700000| Untracked 
|   6|0x0000000082800000, 0x0000000082800000, 0x0000000082900000|  0%| F|  |TAMS 0x0000000082800000| PB 0x0000000082800000| Untracked 
|   7|0x0000000082900000, 0x0000000082900000, 0x0000000082a00000|  0%| F|  |TAMS 0x0000000082900000| PB 0x0000000082900000| Untracked 
|   8|0x0000000082a00000, 0x0000000082a00000, 0x0000000082b00000|  0%| F|  |TAMS 0x0000000082a00000| PB 0x0000000082a00000| Untracked 
|   9|0x0000000082b00000, 0x0000000082b00000, 0x0000000082c00000|  0%| F|  |TAMS 0x0000000082b00000| PB 0x0000000082b00000| Untracked 
|  10|0x0000000082c00000, 0x0000000082c00000, 0x0000000082d00000|  0%| F|  |TAMS 0x0000000082c00000| PB 0x0000000082c00000| Untracked 
|  11|0x0000000082d00000, 0x0000000082d00000, 0x0000000082e00000|  0%| F|  |TAMS 0x0000000082d00000| PB 0x0000000082d00000| Untracked 
|  12|0x0000000082e00000, 0x0000000082e00000, 0x0000000082f00000|  0%| F|  |TAMS 0x0000000082e00000| PB 0x0000000082e00000| Untracked 
|  13|0x0000000082f00000, 0x0000000082f00000, 0x0000000083000000|  0%| F|  |TAMS 0x0000000082f00000| PB 0x0000000082f00000| Untracked 
|  14|0x0000000083000000, 0x0000000083000000, 0x0000000083100000|  0%| F|  |TAMS 0x0000000083000000| PB 0x0000000083000000| Untracked 
|  15|0x0000000083100000, 0x0000000083100000, 0x0000000083200000|  0%| F|  |TAMS 0x0000000083100000| PB 0x0000000083100000| Untracked 
|  16|0x0000000083200000, 0x0000000083200000, 0x0000000083300000|  0%| F|  |TAMS 0x0000000083200000| PB 0x0000000083200000| Untracked 
|  17|0x0000000083300000, 0x0000000083300000, 0x0000000083400000|  0%| F|  |TAMS 0x0000000083300000| PB 0x0000000083300000| Untracked 
|  18|0x0000000083400000, 0x0000000083400000, 0x0000000083500000|  0%| F|  |TAMS 0x0000000083400000| PB 0x0000000083400000| Untracked 
|  19|0x0000000083500000, 0x0000000083500000, 0x0000000083600000|  0%| F|  |TAMS 0x0000000083500000| PB 0x0000000083500000| Untracked 
|  20|0x0000000083600000, 0x0000000083600000, 0x0000000083700000|  0%| F|  |TAMS 0x0000000083600000| PB 0x0000000083600000| Untracked 
|  21|0x0000000083700000, 0x0000000083700000, 0x0000000083800000|  0%| F|  |TAMS 0x0000000083700000| PB 0x0000000083700000| Untracked 
|  22|0x0000000083800000, 0x0000000083800000, 0x0000000083900000|  0%| F|  |TAMS 0x0000000083800000| PB 0x0000000083800000| Untracked 
|  23|0x0000000083900000, 0x0000000083900000, 0x0000000083a00000|  0%| F|  |TAMS 0x0000000083900000| PB 0x0000000083900000| Untracked 
|  24|0x0000000083a00000, 0x0000000083a00000, 0x0000000083b00000|  0%| F|  |TAMS 0x0000000083a00000| PB 0x0000000083a00000| Untracked 
|  25|0x0000000083b00000, 0x0000000083b00000, 0x0000000083c00000|  0%| F|  |TAMS 0x0000000083b00000| PB 0x0000000083b00000| Untracked 
|  26|0x0000000083c00000, 0x0000000083c00000, 0x0000000083d00000|  0%| F|  |TAMS 0x0000000083c00000| PB 0x0000000083c00000| Untracked 
|  27|0x0000000083d00000, 0x0000000083d00000, 0x0000000083e00000|  0%| F|  |TAMS 0x0000000083d00000| PB 0x0000000083d00000| Untracked 
|  28|0x0000000083e00000, 0x0000000083e00000, 0x0000000083f00000|  0%| F|  |TAMS 0x0000000083e00000| PB 0x0000000083e00000| Untracked 
|  29|0x0000000083f00000, 0x0000000083f00000, 0x0000000084000000|  0%| F|  |TAMS 0x0000000083f00000| PB 0x0000000083f00000| Untracked 
|  30|0x0000000084000000, 0x0000000084000000, 0x0000000084100000|  0%| F|  |TAMS 0x0000000084000000| PB 0x0000000084000000| Untracked 
|  31|0x0000000084100000, 0x0000000084100000, 0x0000000084200000|  0%| F|  |TAMS 0x0000000084100000| PB 0x0000000084100000| Untracked 
|  32|0x0000000084200000, 0x0000000084200000, 0x0000000084300000|  0%| F|  |TAMS 0x0000000084200000| PB 0x0000000084200000| Untracked 
|  33|0x0000000084300000, 0x0000000084300000, 0x0000000084400000|  0%| F|  |TAMS 0x0000000084300000| PB 0x0000000084300000| Untracked 
|  34|0x0000000084400000, 0x0000000084400000, 0x0000000084500000|  0%| F|  |TAMS 0x0000000084400000| PB 0x0000000084400000| Untracked 
|  35|0x0000000084500000, 0x0000000084500000, 0x0000000084600000|  0%| F|  |TAMS 0x0000000084500000| PB 0x0000000084500000| Untracked 
|  36|0x0000000084600000, 0x0000000084600000, 0x0000000084700000|  0%| F|  |TAMS 0x0000000084600000| PB 0x0000000084600000| Untracked 
|  37|0x0000000084700000, 0x0000000084700000, 0x0000000084800000|  0%| F|  |TAMS 0x0000000084700000| PB 0x0000000084700000| Untracked 
|  38|0x0000000084800000, 0x0000000084800000, 0x0000000084900000|  0%| F|  |TAMS 0x0000000084800000| PB 0x0000000084800000| Untracked 
|  39|0x0000000084900000, 0x0000000084900000, 0x0000000084a00000|  0%| F|  |TAMS 0x0000000084900000| PB 0x0000000084900000| Untracked 
|  40|0x0000000084a00000, 0x0000000084a00000, 0x0000000084b00000|  0%| F|  |TAMS 0x0000000084a00000| PB 0x0000000084a00000| Untracked 
|  41|0x0000000084b00000, 0x0000000084b00000, 0x0000000084c00000|  0%| F|  |TAMS 0x0000000084b00000| PB 0x0000000084b00000| Untracked 
|  42|0x0000000084c00000, 0x0000000084c00000, 0x0000000084d00000|  0%| F|  |TAMS 0x0000000084c00000| PB 0x0000000084c00000| Untracked 
|  43|0x0000000084d00000, 0x0000000084d00000, 0x0000000084e00000|  0%| F|  |TAMS 0x0000000084d00000| PB 0x0000000084d00000| Untracked 
|  44|0x0000000084e00000, 0x0000000084e00000, 0x0000000084f00000|  0%| F|  |TAMS 0x0000000084e00000| PB 0x0000000084e00000| Untracked 
|  45|0x0000000084f00000, 0x0000000084f00000, 0x0000000085000000|  0%| F|  |TAMS 0x0000000084f00000| PB 0x0000000084f00000| Untracked 
|  46|0x0000000085000000, 0x0000000085000000, 0x0000000085100000|  0%| F|  |TAMS 0x0000000085000000| PB 0x0000000085000000| Untracked 
|  47|0x0000000085100000, 0x0000000085100000, 0x0000000085200000|  0%| F|  |TAMS 0x0000000085100000| PB 0x0000000085100000| Untracked 
|  48|0x0000000085200000, 0x0000000085200000, 0x0000000085300000|  0%| F|  |TAMS 0x0000000085200000| PB 0x0000000085200000| Untracked 
|  49|0x0000000085300000, 0x0000000085300000, 0x0000000085400000|  0%| F|  |TAMS 0x0000000085300000| PB 0x0000000085300000| Untracked 
|  50|0x0000000085400000, 0x0000000085400000, 0x0000000085500000|  0%| F|  |TAMS 0x0000000085400000| PB 0x0000000085400000| Untracked 
|  51|0x0000000085500000, 0x0000000085500000, 0x0000000085600000|  0%| F|  |TAMS 0x0000000085500000| PB 0x0000000085500000| Untracked 
|  52|0x0000000085600000, 0x0000000085600000, 0x0000000085700000|  0%| F|  |TAMS 0x0000000085600000| PB 0x0000000085600000| Untracked 
|  53|0x0000000085700000, 0x0000000085700000, 0x0000000085800000|  0%| F|  |TAMS 0x0000000085700000| PB 0x0000000085700000| Untracked 
|  54|0x0000000085800000, 0x0000000085800000, 0x0000000085900000|  0%| F|  |TAMS 0x0000000085800000| PB 0x0000000085800000| Untracked 
|  55|0x0000000085900000, 0x0000000085900000, 0x0000000085a00000|  0%| F|  |TAMS 0x0000000085900000| PB 0x0000000085900000| Untracked 
|  56|0x0000000085a00000, 0x0000000085a00000, 0x0000000085b00000|  0%| F|  |TAMS 0x0000000085a00000| PB 0x0000000085a00000| Untracked 
|  57|0x0000000085b00000, 0x0000000085b00000, 0x0000000085c00000|  0%| F|  |TAMS 0x0000000085b00000| PB 0x0000000085b00000| Untracked 
|  58|0x0000000085c00000, 0x0000000085c00000, 0x0000000085d00000|  0%| F|  |TAMS 0x0000000085c00000| PB 0x0000000085c00000| Untracked 
|  59|0x0000000085d00000, 0x0000000085d00000, 0x0000000085e00000|  0%| F|  |TAMS 0x0000000085d00000| PB 0x0000000085d00000| Untracked 
|  60|0x0000000085e00000, 0x0000000085e00000, 0x0000000085f00000|  0%| F|  |TAMS 0x0000000085e00000| PB 0x0000000085e00000| Untracked 
|  61|0x0000000085f00000, 0x0000000085f00000, 0x0000000086000000|  0%| F|  |TAMS 0x0000000085f00000| PB 0x0000000085f00000| Untracked 
|  62|0x0000000086000000, 0x0000000086000000, 0x0000000086100000|  0%| F|  |TAMS 0x0000000086000000| PB 0x0000000086000000| Untracked 
|  63|0x0000000086100000, 0x0000000086100000, 0x0000000086200000|  0%| F|  |TAMS 0x0000000086100000| PB 0x0000000086100000| Untracked 
|  64|0x0000000086200000, 0x0000000086200000, 0x0000000086300000|  0%| F|  |TAMS 0x0000000086200000| PB 0x0000000086200000| Untracked 
|  65|0x0000000086300000, 0x0000000086300000, 0x0000000086400000|  0%| F|  |TAMS 0x0000000086300000| PB 0x0000000086300000| Untracked 
|  66|0x0000000086400000, 0x0000000086400000, 0x0000000086500000|  0%| F|  |TAMS 0x0000000086400000| PB 0x0000000086400000| Untracked 
|  67|0x0000000086500000, 0x0000000086500000, 0x0000000086600000|  0%| F|  |TAMS 0x0000000086500000| PB 0x0000000086500000| Untracked 
|  68|0x0000000086600000, 0x0000000086600000, 0x0000000086700000|  0%| F|  |TAMS 0x0000000086600000| PB 0x0000000086600000| Untracked 
|  69|0x0000000086700000, 0x0000000086700000, 0x0000000086800000|  0%| F|  |TAMS 0x0000000086700000| PB 0x0000000086700000| Untracked 
|  70|0x0000000086800000, 0x0000000086800000, 0x0000000086900000|  0%| F|  |TAMS 0x0000000086800000| PB 0x0000000086800000| Untracked 
|  71|0x0000000086900000, 0x0000000086900000, 0x0000000086a00000|  0%| F|  |TAMS 0x0000000086900000| PB 0x0000000086900000| Untracked 
|  72|0x0000000086a00000, 0x0000000086a00000, 0x0000000086b00000|  0%| F|  |TAMS 0x0000000086a00000| PB 0x0000000086a00000| Untracked 
|  73|0x0000000086b00000, 0x0000000086b00000, 0x0000000086c00000|  0%| F|  |TAMS 0x0000000086b00000| PB 0x0000000086b00000| Untracked 
|  74|0x0000000086c00000, 0x0000000086c00000, 0x0000000086d00000|  0%| F|  |TAMS 0x0000000086c00000| PB 0x0000000086c00000| Untracked 
|  75|0x0000000086d00000, 0x0000000086d00000, 0x0000000086e00000|  0%| F|  |TAMS 0x0000000086d00000| PB 0x0000000086d00000| Untracked 
|  76|0x0000000086e00000, 0x0000000086e00000, 0x0000000086f00000|  0%| F|  |TAMS 0x0000000086e00000| PB 0x0000000086e00000| Untracked 
|  77|0x0000000086f00000, 0x0000000086f00000, 0x0000000087000000|  0%| F|  |TAMS 0x0000000086f00000| PB 0x0000000086f00000| Untracked 
|  78|0x0000000087000000, 0x0000000087000000, 0x0000000087100000|  0%| F|  |TAMS 0x0000000087000000| PB 0x0000000087000000| Untracked 
|  79|0x0000000087100000, 0x0000000087100000, 0x0000000087200000|  0%| F|  |TAMS 0x0000000087100000| PB 0x0000000087100000| Untracked 
|  80|0x0000000087200000, 0x0000000087200000, 0x0000000087300000|  0%| F|  |TAMS 0x0000000087200000| PB 0x0000000087200000| Untracked 
|  81|0x0000000087300000, 0x0000000087300000, 0x0000000087400000|  0%| F|  |TAMS 0x0000000087300000| PB 0x0000000087300000| Untracked 
|  82|0x0000000087400000, 0x0000000087400000, 0x0000000087500000|  0%| F|  |TAMS 0x0000000087400000| PB 0x0000000087400000| Untracked 
|  83|0x0000000087500000, 0x0000000087500000, 0x0000000087600000|  0%| F|  |TAMS 0x0000000087500000| PB 0x0000000087500000| Untracked 
|  84|0x0000000087600000, 0x0000000087600000, 0x0000000087700000|  0%| F|  |TAMS 0x0000000087600000| PB 0x0000000087600000| Untracked 
|  85|0x0000000087700000, 0x0000000087700000, 0x0000000087800000|  0%| F|  |TAMS 0x0000000087700000| PB 0x0000000087700000| Untracked 
|  86|0x0000000087800000, 0x0000000087800000, 0x0000000087900000|  0%| F|  |TAMS 0x0000000087800000| PB 0x0000000087800000| Untracked 
|  87|0x0000000087900000, 0x0000000087900000, 0x0000000087a00000|  0%| F|  |TAMS 0x0000000087900000| PB 0x0000000087900000| Untracked 
|  88|0x0000000087a00000, 0x0000000087a00000, 0x0000000087b00000|  0%| F|  |TAMS 0x0000000087a00000| PB 0x0000000087a00000| Untracked 
|  89|0x0000000087b00000, 0x0000000087b00000, 0x0000000087c00000|  0%| F|  |TAMS 0x0000000087b00000| PB 0x0000000087b00000| Untracked 
|  90|0x0000000087c00000, 0x0000000087c00000, 0x0000000087d00000|  0%| F|  |TAMS 0x0000000087c00000| PB 0x0000000087c00000| Untracked 
|  91|0x0000000087d00000, 0x0000000087d00000, 0x0000000087e00000|  0%| F|  |TAMS 0x0000000087d00000| PB 0x0000000087d00000| Untracked 
|  92|0x0000000087e00000, 0x0000000087e00000, 0x0000000087f00000|  0%| F|  |TAMS 0x0000000087e00000| PB 0x0000000087e00000| Untracked 
|  93|0x0000000087f00000, 0x0000000087f00000, 0x0000000088000000|  0%| F|  |TAMS 0x0000000087f00000| PB 0x0000000087f00000| Untracked 
|  94|0x0000000088000000, 0x0000000088000000, 0x0000000088100000|  0%| F|  |TAMS 0x0000000088000000| PB 0x0000000088000000| Untracked 
|  95|0x0000000088100000, 0x0000000088100000, 0x0000000088200000|  0%| F|  |TAMS 0x0000000088100000| PB 0x0000000088100000| Untracked 
|  96|0x0000000088200000, 0x0000000088200000, 0x0000000088300000|  0%| F|  |TAMS 0x0000000088200000| PB 0x0000000088200000| Untracked 
|  97|0x0000000088300000, 0x0000000088300000, 0x0000000088400000|  0%| F|  |TAMS 0x0000000088300000| PB 0x0000000088300000| Untracked 
|  98|0x0000000088400000, 0x0000000088400000, 0x0000000088500000|  0%| F|  |TAMS 0x0000000088400000| PB 0x0000000088400000| Untracked 
|  99|0x0000000088500000, 0x0000000088500000, 0x0000000088600000|  0%| F|  |TAMS 0x0000000088500000| PB 0x0000000088500000| Untracked 
| 100|0x0000000088600000, 0x0000000088600000, 0x0000000088700000|  0%| F|  |TAMS 0x0000000088600000| PB 0x0000000088600000| Untracked 
| 101|0x0000000088700000, 0x0000000088700000, 0x0000000088800000|  0%| F|  |TAMS 0x0000000088700000| PB 0x0000000088700000| Untracked 
| 102|0x0000000088800000, 0x0000000088800000, 0x0000000088900000|  0%| F|  |TAMS 0x0000000088800000| PB 0x0000000088800000| Untracked 
| 103|0x0000000088900000, 0x0000000088900000, 0x0000000088a00000|  0%| F|  |TAMS 0x0000000088900000| PB 0x0000000088900000| Untracked 
| 104|0x0000000088a00000, 0x0000000088a00000, 0x0000000088b00000|  0%| F|  |TAMS 0x0000000088a00000| PB 0x0000000088a00000| Untracked 
| 105|0x0000000088b00000, 0x0000000088b00000, 0x0000000088c00000|  0%| F|  |TAMS 0x0000000088b00000| PB 0x0000000088b00000| Untracked 
| 106|0x0000000088c00000, 0x0000000088c00000, 0x0000000088d00000|  0%| F|  |TAMS 0x0000000088c00000| PB 0x0000000088c00000| Untracked 
| 107|0x0000000088d00000, 0x0000000088d00000, 0x0000000088e00000|  0%| F|  |TAMS 0x0000000088d00000| PB 0x0000000088d00000| Untracked 
| 108|0x0000000088e00000, 0x0000000088e00000, 0x0000000088f00000|  0%| F|  |TAMS 0x0000000088e00000| PB 0x0000000088e00000| Untracked 
| 109|0x0000000088f00000, 0x0000000088f00000, 0x0000000089000000|  0%| F|  |TAMS 0x0000000088f00000| PB 0x0000000088f00000| Untracked 
| 110|0x0000000089000000, 0x0000000089000000, 0x0000000089100000|  0%| F|  |TAMS 0x0000000089000000| PB 0x0000000089000000| Untracked 
| 111|0x0000000089100000, 0x0000000089200000, 0x0000000089200000|100%| S|CS|TAMS 0x0000000089100000| PB 0x0000000089100000| Complete 
| 112|0x0000000089200000, 0x0000000089300000, 0x0000000089300000|100%| S|CS|TAMS 0x0000000089200000| PB 0x0000000089200000| Complete 
| 113|0x0000000089300000, 0x0000000089300000, 0x0000000089400000|  0%| F|  |TAMS 0x0000000089300000| PB 0x0000000089300000| Untracked 
| 114|0x0000000089400000, 0x0000000089400000, 0x0000000089500000|  0%| F|  |TAMS 0x0000000089400000| PB 0x0000000089400000| Untracked 
| 115|0x0000000089500000, 0x0000000089500000, 0x0000000089600000|  0%| F|  |TAMS 0x0000000089500000| PB 0x0000000089500000| Untracked 
| 116|0x0000000089600000, 0x0000000089600000, 0x0000000089700000|  0%| F|  |TAMS 0x0000000089600000| PB 0x0000000089600000| Untracked 
| 117|0x0000000089700000, 0x00000000897da078, 0x0000000089800000| 85%| E|  |TAMS 0x0000000089700000| PB 0x0000000089700000| Complete 
| 118|0x0000000089800000, 0x0000000089900000, 0x0000000089900000|100%| E|CS|TAMS 0x0000000089800000| PB 0x0000000089800000| Complete 
| 119|0x0000000089900000, 0x0000000089a00000, 0x0000000089a00000|100%| E|CS|TAMS 0x0000000089900000| PB 0x0000000089900000| Complete 
| 120|0x0000000089a00000, 0x0000000089b00000, 0x0000000089b00000|100%| E|CS|TAMS 0x0000000089a00000| PB 0x0000000089a00000| Complete 
| 121|0x0000000089b00000, 0x0000000089c00000, 0x0000000089c00000|100%| E|CS|TAMS 0x0000000089b00000| PB 0x0000000089b00000| Complete 
| 122|0x0000000089c00000, 0x0000000089d00000, 0x0000000089d00000|100%| E|CS|TAMS 0x0000000089c00000| PB 0x0000000089c00000| Complete 
| 123|0x0000000089d00000, 0x0000000089e00000, 0x0000000089e00000|100%| E|CS|TAMS 0x0000000089d00000| PB 0x0000000089d00000| Complete 
| 124|0x0000000089e00000, 0x0000000089f00000, 0x0000000089f00000|100%| E|CS|TAMS 0x0000000089e00000| PB 0x0000000089e00000| Complete 
| 125|0x0000000089f00000, 0x000000008a000000, 0x000000008a000000|100%| E|CS|TAMS 0x0000000089f00000| PB 0x0000000089f00000| Complete 

Card table byte_map: [0x000001e67cde0000,0x000001e67d1d0000] _byte_map_base: 0x000001e67c9cf000

Marking Bits: (CMBitMap*) 0x000001e66598d640
 Bits: [0x000001e67d5c0000, 0x000001e67f538000)

Polling page: 0x000001e665100000

Metaspace:

Usage:
  Non-class:      4.26 MB used.
      Class:    558.84 KB used.
       Both:      4.80 MB used.

Virtual space:
  Non-class space:       64.00 MB reserved,       4.31 MB (  7%) committed,  1 nodes.
      Class space:        1.00 GB reserved,     640.00 KB ( <1%) committed,  1 nodes.
             Both:        1.06 GB reserved,       4.94 MB ( <1%) committed. 

Chunk freelists:
   Non-Class:  1.36 MB
       Class:  3.33 MB
        Both:  4.69 MB

MaxMetaspaceSize: unlimited
CompressedClassSpaceSize: 1.00 GB
Initial GC threshold: 21.00 MB
Current GC threshold: 21.00 MB
CDS: on
MetaspaceReclaimPolicy: balanced
 - commit_granule_bytes: 65536.
 - commit_granule_words: 8192.
 - virtual_space_node_default_size: 8388608.
 - enlarge_chunks_in_place: 1.
 - new_chunks_are_fully_committed: 0.
 - uncommit_free_chunks: 1.
 - use_allocation_guard: 0.


Internal statistics:

num_allocs_failed_limit: 0.
num_arena_births: 34.
num_arena_deaths: 0.
num_vsnodes_births: 2.
num_vsnodes_deaths: 0.
num_space_committed: 79.
num_space_uncommitted: 0.
num_chunks_returned_to_freelist: 0.
num_chunks_taken_from_freelist: 169.
num_chunk_merges: 0.
num_chunk_splits: 119.
num_chunks_enlarged: 101.
num_inconsistent_stats: 0.

CodeHeap 'non-profiled nmethods': size=120000Kb used=276Kb max_used=276Kb free=119723Kb
 bounds [0x000001e6754c0000, 0x000001e675730000, 0x000001e67c9f0000]
CodeHeap 'profiled nmethods': size=120000Kb used=1988Kb max_used=1988Kb free=118011Kb
 bounds [0x000001e66d9f0000, 0x000001e66dc60000, 0x000001e674f20000]
CodeHeap 'non-nmethods': size=5760Kb used=1401Kb max_used=1415Kb free=4358Kb
 bounds [0x000001e674f20000, 0x000001e675190000, 0x000001e6754c0000]
 total_blobs=1445 nmethods=999 adapters=358
 compilation: enabled
              stopped_count=0, restarted_count=0
 full_count=0

Compilation events (20 events):
Event: 1.065 Thread 0x000001e67fa725e0  983       3       org.codehaus.plexus.util.xml.pull.MXParser::parseStartTag (1195 bytes)
Event: 1.070 Thread 0x000001e67fa725e0 nmethod 983 0x000001e66dbc9c10 code [0x000001e66dbca5c0, 0x000001e66dbcffb8]
Event: 1.070 Thread 0x000001e67fa725e0  984       3       java.lang.String::trim (35 bytes)
Event: 1.071 Thread 0x000001e67fa725e0 nmethod 984 0x000001e66dbd2510 code [0x000001e66dbd26c0, 0x000001e66dbd29a0]
Event: 1.071 Thread 0x000001e67fa725e0  986       3       org.codehaus.plexus.util.xml.pull.MXParser::parseEndTag (434 bytes)
Event: 1.074 Thread 0x000001e67fa725e0 nmethod 986 0x000001e66dbd2a90 code [0x000001e66dbd3020, 0x000001e66dbd5528]
Event: 1.074 Thread 0x000001e67fa725e0  985       3       java.lang.StringLatin1::trim (76 bytes)
Event: 1.075 Thread 0x000001e67fa725e0 nmethod 985 0x000001e66dbd6610 code [0x000001e66dbd67c0, 0x000001e66dbd6bb0]
Event: 1.080 Thread 0x000001e67fa725e0  987       2       jdk.internal.misc.Unsafe::allocateUninitializedArray (55 bytes)
Event: 1.080 Thread 0x000001e67fa725e0 nmethod 987 0x000001e66dbd6d10 code [0x000001e66dbd6ee0, 0x000001e66dbd7238]
Event: 1.081 Thread 0x000001e67fa725e0  988       3       org.codehaus.plexus.util.xml.pull.MXParser::newString (11 bytes)
Event: 1.081 Thread 0x000001e67fa725e0 nmethod 988 0x000001e66dbd7410 code [0x000001e66dbd75a0, 0x000001e66dbd7740]
Event: 1.084 Thread 0x000001e67fa725e0  990       1       org.codehaus.plexus.util.xml.pull.MXParser::getEventType (5 bytes)
Event: 1.084 Thread 0x000001e67fa725e0 nmethod 990 0x000001e675504c90 code [0x000001e675504e00, 0x000001e675504ec8]
Event: 1.085 Thread 0x000001e67fa725e0  991       3       org.codehaus.plexus.util.xml.pull.MXParser::getName (84 bytes)
Event: 1.085 Thread 0x000001e67fa725e0 nmethod 991 0x000001e66dbd7810 code [0x000001e66dbd79e0, 0x000001e66dbd7d90]
Event: 1.098 Thread 0x000001e67fa725e0  997       3       org.codehaus.plexus.util.xml.pull.MXParser::ensureElementsCapacity (265 bytes)
Event: 1.099 Thread 0x000001e67fa725e0 nmethod 997 0x000001e66dbd7f10 code [0x000001e66dbd8160, 0x000001e66dbd9208]
Event: 1.101 Thread 0x000001e67fa725e0  998       3       org.codehaus.plexus.util.xml.pull.MXParser::isWhitespace (116 bytes)
Event: 1.102 Thread 0x000001e67fa725e0 nmethod 998 0x000001e66dbd9510 code [0x000001e66dbd9720, 0x000001e66dbd9fd0]

GC Heap History (2 events):
Event: 0.871 GC heap before
{Heap before GC invocations=0 (full 0):
 garbage-first heap   total 129024K, used 12288K [0x0000000082200000, 0x0000000100000000)
  region size 1024K, 13 young (13312K), 0 survivors (0K)
 Metaspace       used 3734K, committed 3904K, reserved 1114112K
  class space    used 398K, committed 448K, reserved 1048576K
}
Event: 0.881 GC heap after
{Heap after GC invocations=1 (full 0):
 garbage-first heap   total 129024K, used 3129K [0x0000000082200000, 0x0000000100000000)
  region size 1024K, 2 young (2048K), 2 survivors (2048K)
 Metaspace       used 3734K, committed 3904K, reserved 1114112K
  class space    used 398K, committed 448K, reserved 1048576K
}

Dll operation events (8 events):
Event: 0.008 Loaded shared library C:\Program Files\Java\jdk-20\bin\java.dll
Event: 0.025 Loaded shared library C:\Program Files\Java\jdk-20\bin\jsvml.dll
Event: 0.103 Loaded shared library C:\Program Files\Java\jdk-20\bin\net.dll
Event: 0.105 Loaded shared library C:\Program Files\Java\jdk-20\bin\nio.dll
Event: 0.111 Loaded shared library C:\Program Files\Java\jdk-20\bin\zip.dll
Event: 0.321 Loaded shared library C:\Program Files\Java\jdk-20\bin\jimage.dll
Event: 0.332 Loaded shared library C:\Program Files\NetBeans-17\netbeans\java\maven\lib\jansi-native\Windows\x86_64\jansi.dll
Event: 0.350 Loaded shared library C:\Program Files\Java\jdk-20\bin\verify.dll

Deoptimization events (20 events):
Event: 1.018 Thread 0x000001e66395ea50 DEOPT PACKING pc=0x000001e6754e1e38 sp=0x00000065243fe690
Event: 1.018 Thread 0x000001e66395ea50 DEOPT UNPACKING pc=0x000001e674f89d1c sp=0x00000065243fe620 mode 2
Event: 1.027 Thread 0x000001e66395ea50 Uncommon trap: trap_request=0xffffffde fr.pc=0x000001e6755035a0 relative=0x0000000000000120
Event: 1.027 Thread 0x000001e66395ea50 Uncommon trap: reason=class_check action=maybe_recompile pc=0x000001e6755035a0 method=jdk.internal.misc.Unsafe.allocateUninitializedArray(Ljava/lang/Class;I)Ljava/lang/Object; @ 51 c2
Event: 1.027 Thread 0x000001e66395ea50 DEOPT PACKING pc=0x000001e6755035a0 sp=0x00000065243fda80
Event: 1.027 Thread 0x000001e66395ea50 DEOPT UNPACKING pc=0x000001e674f89d1c sp=0x00000065243fd9f8 mode 2
Event: 1.027 Thread 0x000001e66395ea50 Uncommon trap: trap_request=0xffffffde fr.pc=0x000001e6755035a0 relative=0x0000000000000120
Event: 1.027 Thread 0x000001e66395ea50 Uncommon trap: reason=class_check action=maybe_recompile pc=0x000001e6755035a0 method=jdk.internal.misc.Unsafe.allocateUninitializedArray(Ljava/lang/Class;I)Ljava/lang/Object; @ 51 c2
Event: 1.027 Thread 0x000001e66395ea50 DEOPT PACKING pc=0x000001e6755035a0 sp=0x00000065243fdb20
Event: 1.027 Thread 0x000001e66395ea50 DEOPT UNPACKING pc=0x000001e674f89d1c sp=0x00000065243fda98 mode 2
Event: 1.027 Thread 0x000001e66395ea50 Uncommon trap: trap_request=0xffffffde fr.pc=0x000001e6755035a0 relative=0x0000000000000120
Event: 1.027 Thread 0x000001e66395ea50 Uncommon trap: reason=class_check action=maybe_recompile pc=0x000001e6755035a0 method=jdk.internal.misc.Unsafe.allocateUninitializedArray(Ljava/lang/Class;I)Ljava/lang/Object; @ 51 c2
Event: 1.027 Thread 0x000001e66395ea50 DEOPT PACKING pc=0x000001e6755035a0 sp=0x00000065243fda70
Event: 1.027 Thread 0x000001e66395ea50 DEOPT UNPACKING pc=0x000001e674f89d1c sp=0x00000065243fd9e8 mode 2
Event: 1.027 Thread 0x000001e66395ea50 Uncommon trap: trap_request=0xffffffde fr.pc=0x000001e6755035a0 relative=0x0000000000000120
Event: 1.027 Thread 0x000001e66395ea50 Uncommon trap: reason=class_check action=maybe_recompile pc=0x000001e6755035a0 method=jdk.internal.misc.Unsafe.allocateUninitializedArray(Ljava/lang/Class;I)Ljava/lang/Object; @ 51 c2
Event: 1.027 Thread 0x000001e66395ea50 DEOPT PACKING pc=0x000001e6755035a0 sp=0x00000065243fdb10
Event: 1.027 Thread 0x000001e66395ea50 DEOPT UNPACKING pc=0x000001e674f89d1c sp=0x00000065243fda88 mode 2
Event: 1.033 Thread 0x000001e66395ea50 DEOPT PACKING pc=0x000001e66da6b3d0 sp=0x00000065243fe420
Event: 1.033 Thread 0x000001e66395ea50 DEOPT UNPACKING pc=0x000001e674f8a4a3 sp=0x00000065243fd8c8 mode 0

Classes loaded (20 events):
Event: 0.985 Loading class sun/reflect/generics/repository/ClassRepository
Event: 0.985 Loading class sun/reflect/generics/repository/GenericDeclRepository
Event: 0.985 Loading class sun/reflect/generics/repository/AbstractRepository
Event: 0.985 Loading class sun/reflect/generics/repository/AbstractRepository done
Event: 0.985 Loading class sun/reflect/generics/repository/GenericDeclRepository done
Event: 0.985 Loading class sun/reflect/generics/repository/ClassRepository done
Event: 0.985 Loading class java/lang/reflect/TypeVariable
Event: 0.985 Loading class java/lang/reflect/TypeVariable done
Event: 0.985 Loading class sun/reflect/generics/tree/FormalTypeParameter
Event: 0.985 Loading class sun/reflect/generics/tree/FormalTypeParameter done
Event: 0.985 Loading class sun/reflect/generics/tree/ClassSignature
Event: 0.986 Loading class sun/reflect/generics/tree/Signature
Event: 0.986 Loading class sun/reflect/generics/tree/Signature done
Event: 0.986 Loading class sun/reflect/generics/tree/ClassSignature done
Event: 0.986 Loading class java/lang/reflect/WildcardType
Event: 0.986 Loading class java/lang/reflect/WildcardType done
Event: 0.989 Loading class sun/reflect/generics/tree/TypeVariableSignature
Event: 0.989 Loading class sun/reflect/generics/tree/TypeVariableSignature done
Event: 1.007 Loading class java/lang/annotation/IncompleteAnnotationException
Event: 1.007 Loading class java/lang/annotation/IncompleteAnnotationException done

Classes unloaded (0 events):
No events

Classes redefined (0 events):
No events

Internal exceptions (12 events):
Event: 0.302 Thread 0x000001e66395ea50 Exception <a 'java/lang/NoSuchMethodError'{0x0000000089c6d098}: 'java.lang.Object java.lang.invoke.Invokers$Holder.invokeExact_MT(java.lang.Object, java.lang.Object, java.lang.Object, java.lang.Object, java.lang.Object)'> (0x0000000089c6d098) 
thrown [s\open\src\hotspot\share\interpreter\linkResolver.cpp, line 773]
Event: 0.317 Thread 0x000001e66395ea50 Exception <a 'java/lang/NullPointerException'{0x0000000089cc28a8}> (0x0000000089cc28a8) 
thrown [s\open\src\hotspot\share\interpreter\linkResolver.cpp, line 1373]
Event: 0.334 Thread 0x000001e66395ea50 Exception <a 'java/lang/NullPointerException'{0x0000000089cecfd8}> (0x0000000089cecfd8) 
thrown [s\open\src\hotspot\share\interpreter\linkResolver.cpp, line 1373]
Event: 0.334 Thread 0x000001e66395ea50 Exception <a 'java/lang/NullPointerException'{0x0000000089ced2b8}> (0x0000000089ced2b8) 
thrown [s\open\src\hotspot\share\interpreter\linkResolver.cpp, line 1373]
Event: 0.334 Thread 0x000001e66395ea50 Exception <a 'java/lang/NullPointerException'{0x0000000089ced598}> (0x0000000089ced598) 
thrown [s\open\src\hotspot\share\interpreter\linkResolver.cpp, line 1373]
Event: 0.336 Thread 0x000001e66395ea50 Exception <a 'java/lang/NullPointerException'{0x0000000089cf2370}> (0x0000000089cf2370) 
thrown [s\open\src\hotspot\share\interpreter\linkResolver.cpp, line 1373]
Event: 0.338 Thread 0x000001e66395ea50 Exception <a 'java/lang/NullPointerException'{0x0000000089b06030}> (0x0000000089b06030) 
thrown [s\open\src\hotspot\share\interpreter\linkResolver.cpp, line 1373]
Event: 0.338 Thread 0x000001e66395ea50 Exception <a 'java/lang/NullPointerException'{0x0000000089b06310}> (0x0000000089b06310) 
thrown [s\open\src\hotspot\share\interpreter\linkResolver.cpp, line 1373]
Event: 0.338 Thread 0x000001e66395ea50 Exception <a 'java/lang/NullPointerException'{0x0000000089b065f0}> (0x0000000089b065f0) 
thrown [s\open\src\hotspot\share\interpreter\linkResolver.cpp, line 1373]
Event: 0.339 Thread 0x000001e66395ea50 Exception <a 'java/lang/NullPointerException'{0x0000000089b068d0}> (0x0000000089b068d0) 
thrown [s\open\src\hotspot\share\interpreter\linkResolver.cpp, line 1373]
Event: 0.936 Thread 0x000001e66395ea50 Exception <a 'java/lang/NoSuchMethodError'{0x0000000089e0d498}: 'java.lang.Object java.lang.invoke.DirectMethodHandle$Holder.newInvokeSpecial(java.lang.Object, java.lang.Object, java.lang.Object, java.lang.Object, java.lang.Object)'> (0x0000000089e0d498) 
thrown [s\open\src\hotspot\share\interpreter\linkResolver.cpp, line 773]
Event: 1.007 Thread 0x000001e66395ea50 Exception <a 'java/lang/NoClassDefFoundError'{0x0000000089d5d310}: javax/enterprise/inject/Typed> (0x0000000089d5d310) 
thrown [s\open\src\hotspot\share\classfile\systemDictionary.cpp, line 294]

VM Operations (10 events):
Event: 0.112 Executing VM operation: HandshakeAllThreads
Event: 0.113 Executing VM operation: HandshakeAllThreads done
Event: 0.315 Executing VM operation: HandshakeAllThreads
Event: 0.315 Executing VM operation: HandshakeAllThreads done
Event: 0.326 Executing VM operation: HandshakeAllThreads
Event: 0.326 Executing VM operation: HandshakeAllThreads done
Event: 0.472 Executing VM operation: HandshakeAllThreads
Event: 0.472 Executing VM operation: HandshakeAllThreads done
Event: 0.871 Executing VM operation: G1CollectForAllocation
Event: 0.881 Executing VM operation: G1CollectForAllocation done

Events (12 events):
Event: 0.025 Thread 0x000001e66395ea50 Thread added: 0x000001e66395ea50
Event: 0.046 Thread 0x000001e67fa045f0 Thread added: 0x000001e67fa045f0
Event: 0.047 Thread 0x000001e67fa05ba0 Thread added: 0x000001e67fa05ba0
Event: 0.047 Thread 0x000001e67fa06b40 Thread added: 0x000001e67fa06b40
Event: 0.047 Thread 0x000001e67fa0a4a0 Thread added: 0x000001e67fa0a4a0
Event: 0.047 Thread 0x000001e67fa0ade0 Thread added: 0x000001e67fa0ade0
Event: 0.047 Thread 0x000001e67fa0b720 Thread added: 0x000001e67fa0b720
Event: 0.047 Thread 0x000001e67fa0c390 Thread added: 0x000001e67fa0c390
Event: 0.053 Thread 0x000001e67fa725e0 Thread added: 0x000001e67fa725e0
Event: 0.094 Thread 0x000001e67fc6e290 Thread added: 0x000001e67fc6e290
Event: 0.099 Thread 0x000001e67fc7d130 Thread added: 0x000001e67fc7d130
Event: 1.051 Thread 0x000001e606671480 Thread added: 0x000001e606671480


Dynamic libraries:
0x00007ff65fcd0000 - 0x00007ff65fce0000 	C:\Program Files\Java\jdk-20\bin\java.exe
0x00007ffe081b0000 - 0x00007ffe083a8000 	C:\Windows\SYSTEM32\ntdll.dll
0x00007ffe06fd0000 - 0x00007ffe0708f000 	C:\Windows\System32\KERNEL32.DLL
0x00007ffe05ba0000 - 0x00007ffe05e96000 	C:\Windows\System32\KERNELBASE.dll
0x00007ffe05f00000 - 0x00007ffe06000000 	C:\Windows\System32\ucrtbase.dll
0x00007ffdf60d0000 - 0x00007ffdf60eb000 	C:\Program Files\Java\jdk-20\bin\VCRUNTIME140.dll
0x00007ffdfc0f0000 - 0x00007ffdfc109000 	C:\Program Files\Java\jdk-20\bin\jli.dll
0x00007ffe06580000 - 0x00007ffe0662f000 	C:\Windows\System32\ADVAPI32.dll
0x00007ffe072f0000 - 0x00007ffe0738e000 	C:\Windows\System32\msvcrt.dll
0x00007ffe07700000 - 0x00007ffe0779c000 	C:\Windows\System32\sechost.dll
0x00007ffe07390000 - 0x00007ffe074b6000 	C:\Windows\System32\RPCRT4.dll
0x00007ffe06ad0000 - 0x00007ffe06c6d000 	C:\Windows\System32\USER32.dll
0x00007ffe05ea0000 - 0x00007ffe05ec2000 	C:\Windows\System32\win32u.dll
0x00007ffdf7270000 - 0x00007ffdf750a000 	C:\Windows\WinSxS\amd64_microsoft.windows.common-controls_6595b64144ccf1df_6.0.19041.1110_none_60b5254171f9507e\COMCTL32.dll
0x00007ffe074d0000 - 0x00007ffe074fc000 	C:\Windows\System32\GDI32.dll
0x00007ffe06050000 - 0x00007ffe06165000 	C:\Windows\System32\gdi32full.dll
0x00007ffe06170000 - 0x00007ffe0620d000 	C:\Windows\System32\msvcp_win.dll
0x00007ffdfeb40000 - 0x00007ffdfeb4a000 	C:\Windows\SYSTEM32\VERSION.dll
0x00007ffe06630000 - 0x00007ffe06660000 	C:\Windows\System32\IMM32.DLL
0x00007ffe011b0000 - 0x00007ffe011bc000 	C:\Program Files\Java\jdk-20\bin\vcruntime140_1.dll
0x00007ffdd2410000 - 0x00007ffdd249e000 	C:\Program Files\Java\jdk-20\bin\msvcp140.dll
0x00007ffdbf310000 - 0x00007ffdbffa7000 	C:\Program Files\Java\jdk-20\bin\server\jvm.dll
0x00007ffdffaa0000 - 0x00007ffdffaa9000 	C:\Windows\SYSTEM32\WSOCK32.dll
0x00007ffe07270000 - 0x00007ffe072db000 	C:\Windows\System32\WS2_32.dll
0x00007ffe00e90000 - 0x00007ffe00eb7000 	C:\Windows\SYSTEM32\WINMM.dll
0x00007ffe03770000 - 0x00007ffe03782000 	C:\Windows\SYSTEM32\kernel.appcore.dll
0x00007ffe01080000 - 0x00007ffe0108a000 	C:\Program Files\Java\jdk-20\bin\jimage.dll
0x00007ffdfb440000 - 0x00007ffdfb624000 	C:\Windows\SYSTEM32\DBGHELP.DLL
0x00007ffdfcda0000 - 0x00007ffdfcdd4000 	C:\Windows\SYSTEM32\dbgcore.DLL
0x00007ffe05940000 - 0x00007ffe059c2000 	C:\Windows\System32\bcryptPrimitives.dll
0x00007ffdebb40000 - 0x00007ffdebb66000 	C:\Program Files\Java\jdk-20\bin\java.dll
0x00007ffdd2ce0000 - 0x00007ffdd2db7000 	C:\Program Files\Java\jdk-20\bin\jsvml.dll
0x00007ffe07a20000 - 0x00007ffe08164000 	C:\Windows\System32\SHELL32.dll
0x00007ffe03970000 - 0x00007ffe04103000 	C:\Windows\SYSTEM32\windows.storage.dll
0x00007ffe06c70000 - 0x00007ffe06fc4000 	C:\Windows\System32\combase.dll
0x00007ffe05210000 - 0x00007ffe0523e000 	C:\Windows\SYSTEM32\Wldp.dll
0x00007ffe07090000 - 0x00007ffe0713d000 	C:\Windows\System32\SHCORE.dll
0x00007ffe079c0000 - 0x00007ffe07a15000 	C:\Windows\System32\shlwapi.dll
0x00007ffe057d0000 - 0x00007ffe057ef000 	C:\Windows\SYSTEM32\profapi.dll
0x00007ffdeba20000 - 0x00007ffdeba33000 	C:\Program Files\Java\jdk-20\bin\net.dll
0x00007ffe002a0000 - 0x00007ffe003aa000 	C:\Windows\SYSTEM32\WINHTTP.dll
0x00007ffe04f70000 - 0x00007ffe04fda000 	C:\Windows\system32\mswsock.dll
0x00007ffdeb630000 - 0x00007ffdeb646000 	C:\Program Files\Java\jdk-20\bin\nio.dll
0x00007ffdeb260000 - 0x00007ffdeb278000 	C:\Program Files\Java\jdk-20\bin\zip.dll
0x0000000069ac0000 - 0x0000000069ae4000 	C:\Program Files\NetBeans-17\netbeans\java\maven\lib\jansi-native\Windows\x86_64\jansi.dll
0x00007ffdfb760000 - 0x00007ffdfb770000 	C:\Program Files\Java\jdk-20\bin\verify.dll

dbghelp: loaded successfully - version: 4.0.5 - missing functions: none
symbol engine: initialized successfully - sym options: 0x614 - pdb path: .;C:\Program Files\Java\jdk-20\bin;C:\Windows\SYSTEM32;C:\Windows\WinSxS\amd64_microsoft.windows.common-controls_6595b64144ccf1df_6.0.19041.1110_none_60b5254171f9507e;C:\Program Files\Java\jdk-20\bin\server;C:\Program Files\NetBeans-17\netbeans\java\maven\lib\jansi-native\Windows\x86_64

VM Arguments:
jvm_args: -Dclassworlds.conf=C:\Program Files\NetBeans-17\netbeans\java\maven\bin\m2.conf -Dmaven.home=C:\Program Files\NetBeans-17\netbeans\java\maven -Dlibrary.jansi.path=C:\Program Files\NetBeans-17\netbeans\java\maven\lib\jansi-native -Dmaven.multiModuleProjectDirectory=C:\Users\ezzem\Documents\NetBeansProjects\DptoArqueologia 
java_command: org.codehaus.plexus.classworlds.launcher.Launcher -Dexec.vmArgs= -Dexec.args=${exec.vmArgs} -classpath %classpath ${exec.mainClass} ${exec.appArgs} -Dexec.appArgs= -Dexec.mainClass=com.mycompany.dptoarqueologia.DptoArqueologia -Dexec.executable=C:\Program Files\Java\jdk-20\bin\java.exe -Dmaven.ext.class.path=C:\Program Files\NetBeans-17\netbeans\java\maven-nblib\netbeans-eventspy.jar --no-transfer-progress org.codehaus.mojo:exec-maven-plugin:3.1.0:exec
java_class_path (initial): C:\Program Files\NetBeans-17\netbeans\java\maven\boot\plexus-classworlds-2.6.0.jar
Launcher Type: SUN_STANDARD

[Global flags]
     intx CICompilerCount                          = 3                                         {product} {ergonomic}
     uint ConcGCThreads                            = 1                                         {product} {ergonomic}
     uint G1ConcRefinementThreads                  = 4                                         {product} {ergonomic}
   size_t G1HeapRegionSize                         = 1048576                                   {product} {ergonomic}
    uintx GCDrainStackTargetSize                   = 64                                        {product} {ergonomic}
   size_t InitialHeapSize                          = 132120576                                 {product} {ergonomic}
   size_t MarkStackSize                            = 4194304                                   {product} {ergonomic}
   size_t MaxHeapSize                              = 2111832064                                {product} {ergonomic}
   size_t MaxNewSize                               = 1266679808                                {product} {ergonomic}
   size_t MinHeapDeltaBytes                        = 1048576                                   {product} {ergonomic}
   size_t MinHeapSize                              = 8388608                                   {product} {ergonomic}
    uintx NonNMethodCodeHeapSize                   = 5832780                                {pd product} {ergonomic}
    uintx NonProfiledCodeHeapSize                  = 122912730                              {pd product} {ergonomic}
    uintx ProfiledCodeHeapSize                     = 122912730                              {pd product} {ergonomic}
    uintx ReservedCodeCacheSize                    = 251658240                              {pd product} {ergonomic}
     bool SegmentedCodeCache                       = true                                      {product} {ergonomic}
   size_t SoftMaxHeapSize                          = 2111832064                             {manageable} {ergonomic}
     bool UseCompressedClassPointers               = true                           {product lp64_product} {ergonomic}
     bool UseCompressedOops                        = true                           {product lp64_product} {ergonomic}
     bool UseG1GC                                  = true                                      {product} {ergonomic}
     bool UseLargePagesIndividualAllocation        = false                                  {pd product} {ergonomic}

Logging:
Log output configuration:
 #0: stdout all=warning uptime,level,tags foldmultilines=false
 #1: stderr all=off uptime,level,tags foldmultilines=false

Environment Variables:
JAVA_HOME=C:\Program Files\Java\jdk-20
PATH=C:\Program Files\Common Files\Oracle\Java\javapath;C:\Windows\system32;C:\Windows;C:\Windows\System32\Wbem;C:\Windows\System32\WindowsPowerShell\v1.0\;C:\Windows\System32\OpenSSH\;C:\Program Files\Git\cmd;C:\Program Files\dotnet\;C:\Program Files\Maven\apache-maven-3.9.2\bin;C:\Python311\Scripts\;C:\Python311\;C:\Users\ezzem\AppData\Local\Microsoft\WindowsApps;;C:\Users\ezzem\AppData\Local\Programs\Microsoft VS Code\bin
USERNAME=ezzem
OS=Windows_NT
PROCESSOR_IDENTIFIER=Intel64 Family 6 Model 37 Stepping 5, GenuineIntel
TMP=C:\Users\ezzem\AppData\Local\Temp
TEMP=C:\Users\ezzem\AppData\Local\Temp




---------------  S Y S T E M  ---------------

OS:
 Windows 10 , 64 bit Build 19041 (10.0.19041.2913)
OS uptime: 6 days 17:45 hours

CPU: total 4 (initial active 4) (2 cores per cpu, 2 threads per core) family 6 model 37 stepping 5 microcode 0x7, cx8, cmov, fxsr, ht, mmx, sse, sse2, sse3, ssse3, sse4.1, sse4.2, popcnt, tsc, tscinvbit, clflush, rdtscp

Memory: 4k page, system-wide physical 8055M (3015M free)
TotalPageFile size 32631M (AvailPageFile size 4M)
current process WorkingSet (physical memory assigned to process): 69M, peak: 69M
current process commit charge ("private bytes"): 217M, peak: 217M

vm_info: Java HotSpot(TM) 64-Bit Server VM (20.0.1+9-29) for windows-amd64 JRE (20.0.1+9-29), built on 2023-03-07T13:56:11Z by "mach5one" with MS VC++ 17.1 (VS2022)

END.
